(solver = "HiGHS", alg = "TambyVanderpooten", p = 2, n = 200, instance = 1, termination_status = MathOptInterface.OPTIMAL, result_count = 317, solve_time = 196.04394578933716, solve_time_inner = 194.458176612854, subproblem_count = 640)
(solver = "Gurobi", alg = "TambyVanderpooten", p = 2, n = 200, instance = 1, termination_status = MathOptInterface.OPTIMAL, result_count = 317, solve_time = 16.219459056854248, solve_time_inner = 15.659573078155518, subproblem_count = 642)
(solver = "HiGHS", alg = "Dichotomy", p = 2, n = 200, instance = 1, termination_status = MathOptInterface.OPTIMAL, result_count = 36, solve_time = 5.7702929973602295, solve_time_inner = 5.22225022315979, subproblem_count = 73)
(solver = "Gurobi", alg = "Dichotomy", p = 2, n = 200, instance = 1, termination_status = MathOptInterface.OPTIMAL, result_count = 35, solve_time = 0.36580681800842285, solve_time_inner = 0.27648186683654785, subproblem_count = 71)
(solver = "HiGHS", alg = "EpsilonConstraint", p = 2, n = 200, instance = 1, termination_status = MathOptInterface.OPTIMAL, result_count = 317, solve_time = 198.75582003593445, solve_time_inner = 198.28826117515564, subproblem_count = 637)
(solver = "Gurobi", alg = "EpsilonConstraint", p = 2, n = 200, instance = 1, termination_status = MathOptInterface.OPTIMAL, result_count = 317, solve_time = 15.500982999801636, solve_time_inner = 15.19664740562439, subproblem_count = 637)
(solver = "HiGHS", alg = "TambyVanderpooten", p = 2, n = 200, instance = 2, termination_status = MathOptInterface.OPTIMAL, result_count = 316, solve_time = 267.65283393859863, solve_time_inner = 267.4451379776001, subproblem_count = 640)
(solver = "Gurobi", alg = "TambyVanderpooten", p = 2, n = 200, instance = 2, termination_status = MathOptInterface.OPTIMAL, result_count = 316, solve_time = 19.92961812019348, solve_time_inner = 19.668272972106934, subproblem_count = 638)
(solver = "HiGHS", alg = "Dichotomy", p = 2, n = 200, instance = 2, termination_status = MathOptInterface.OPTIMAL, result_count = 30, solve_time = 5.856432914733887, solve_time_inner = 5.82422399520874, subproblem_count = 58)
(solver = "Gurobi", alg = "Dichotomy", p = 2, n = 200, instance = 2, termination_status = MathOptInterface.OPTIMAL, result_count = 30, solve_time = 0.2924318313598633, solve_time_inner = 0.2561936378479004, subproblem_count = 59)
(solver = "HiGHS", alg = "EpsilonConstraint", p = 2, n = 200, instance = 2, termination_status = MathOptInterface.OPTIMAL, result_count = 316, solve_time = 246.6378149986267, solve_time_inner = 246.4473524093628, subproblem_count = 635)
(solver = "Gurobi", alg = "EpsilonConstraint", p = 2, n = 200, instance = 2, termination_status = MathOptInterface.OPTIMAL, result_count = 316, solve_time = 19.895798206329346, solve_time_inner = 19.504632711410522, subproblem_count = 635)
(solver = "HiGHS", alg = "TambyVanderpooten", p = 2, n = 200, instance = 3, termination_status = MathOptInterface.OPTIMAL, result_count = 399, solve_time = 319.7194061279297, solve_time_inner = 319.4632897377014, subproblem_count = 806)
(solver = "Gurobi", alg = "TambyVanderpooten", p = 2, n = 200, instance = 3, termination_status = MathOptInterface.OPTIMAL, result_count = 399, solve_time = 26.8372540473938, solve_time_inner = 26.54011368751526, subproblem_count = 804)
(solver = "HiGHS", alg = "Dichotomy", p = 2, n = 200, instance = 3, termination_status = MathOptInterface.OPTIMAL, result_count = 28, solve_time = 6.435950040817261, solve_time_inner = 6.409900903701782, subproblem_count = 55)
(solver = "Gurobi", alg = "Dichotomy", p = 2, n = 200, instance = 3, termination_status = MathOptInterface.OPTIMAL, result_count = 30, solve_time = 0.3382539749145508, solve_time_inner = 0.3091435432434082, subproblem_count = 59)
(solver = "HiGHS", alg = "EpsilonConstraint", p = 2, n = 200, instance = 3, termination_status = MathOptInterface.OPTIMAL, result_count = 399, solve_time = 303.33588004112244, solve_time_inner = 303.1364026069641, subproblem_count = 801)
(solver = "Gurobi", alg = "EpsilonConstraint", p = 2, n = 200, instance = 3, termination_status = MathOptInterface.OPTIMAL, result_count = 399, solve_time = 26.74665093421936, solve_time_inner = 26.533941984176636, subproblem_count = 801)
(solver = "HiGHS", alg = "TambyVanderpooten", p = 2, n = 200, instance = 4, termination_status = MathOptInterface.OPTIMAL, result_count = 316, solve_time = 275.37560200691223, solve_time_inner = 275.2028315067291, subproblem_count = 638)
(solver = "Gurobi", alg = "TambyVanderpooten", p = 2, n = 200, instance = 4, termination_status = MathOptInterface.OPTIMAL, result_count = 316, solve_time = 23.866703987121582, solve_time_inner = 23.633862018585205, subproblem_count = 638)
(solver = "HiGHS", alg = "Dichotomy", p = 2, n = 200, instance = 4, termination_status = MathOptInterface.OPTIMAL, result_count = 33, solve_time = 6.0884010791778564, solve_time_inner = 6.057209253311157, subproblem_count = 67)
(solver = "Gurobi", alg = "Dichotomy", p = 2, n = 200, instance = 4, termination_status = MathOptInterface.OPTIMAL, result_count = 32, solve_time = 0.3146531581878662, solve_time_inner = 0.283156156539917, subproblem_count = 65)
(solver = "HiGHS", alg = "EpsilonConstraint", p = 2, n = 200, instance = 4, termination_status = MathOptInterface.OPTIMAL, result_count = 316, solve_time = 258.7073760032654, solve_time_inner = 258.5490572452545, subproblem_count = 635)
(solver = "Gurobi", alg = "EpsilonConstraint", p = 2, n = 200, instance = 4, termination_status = MathOptInterface.OPTIMAL, result_count = 316, solve_time = 21.853223085403442, solve_time_inner = 21.683268785476685, subproblem_count = 635)
(solver = "HiGHS", alg = "TambyVanderpooten", p = 2, n = 200, instance = 5, termination_status = MathOptInterface.OPTIMAL, result_count = 358, solve_time = 298.8317930698395, solve_time_inner = 298.6340401172638, subproblem_count = 724)
(solver = "Gurobi", alg = "TambyVanderpooten", p = 2, n = 200, instance = 5, termination_status = MathOptInterface.OPTIMAL, result_count = 358, solve_time = 28.165010929107666, solve_time_inner = 27.8668851852417, subproblem_count = 724)
(solver = "HiGHS", alg = "Dichotomy", p = 2, n = 200, instance = 5, termination_status = MathOptInterface.OPTIMAL, result_count = 32, solve_time = 5.706939935684204, solve_time_inner = 5.677459239959717, subproblem_count = 63)
(solver = "Gurobi", alg = "Dichotomy", p = 2, n = 200, instance = 5, termination_status = MathOptInterface.OPTIMAL, result_count = 33, solve_time = 0.32706308364868164, solve_time_inner = 0.2952556610107422, subproblem_count = 65)
(solver = "HiGHS", alg = "EpsilonConstraint", p = 2, n = 200, instance = 5, termination_status = MathOptInterface.OPTIMAL, result_count = 358, solve_time = 284.4516110420227, solve_time_inner = 284.2534384727478, subproblem_count = 719)
(solver = "Gurobi", alg = "EpsilonConstraint", p = 2, n = 200, instance = 5, termination_status = MathOptInterface.OPTIMAL, result_count = 358, solve_time = 24.073975086212158, solve_time_inner = 23.824392795562744, subproblem_count = 719)
(solver = "HiGHS", alg = "TambyVanderpooten", p = 2, n = 200, instance = 6, termination_status = MathOptInterface.OPTIMAL, result_count = 464, solve_time = 423.3860239982605, solve_time_inner = 423.00174164772034, subproblem_count = 940)
(solver = "Gurobi", alg = "TambyVanderpooten", p = 2, n = 200, instance = 6, termination_status = MathOptInterface.OPTIMAL, result_count = 464, solve_time = 37.15689206123352, solve_time_inner = 36.74417543411255, subproblem_count = 934)
(solver = "HiGHS", alg = "Dichotomy", p = 2, n = 200, instance = 6, termination_status = MathOptInterface.OPTIMAL, result_count = 42, solve_time = 7.011925935745239, solve_time_inner = 6.967680215835571, subproblem_count = 80)
(solver = "Gurobi", alg = "Dichotomy", p = 2, n = 200, instance = 6, termination_status = MathOptInterface.OPTIMAL, result_count = 41, solve_time = 0.535754919052124, solve_time_inner = 0.4864993095397949, subproblem_count = 81)
(solver = "HiGHS", alg = "EpsilonConstraint", p = 2, n = 200, instance = 6, termination_status = MathOptInterface.OPTIMAL, result_count = 464, solve_time = 397.1415328979492, solve_time_inner = 396.86396503448486, subproblem_count = 931)
(solver = "Gurobi", alg = "EpsilonConstraint", p = 2, n = 200, instance = 6, termination_status = MathOptInterface.OPTIMAL, result_count = 464, solve_time = 34.940770864486694, solve_time_inner = 34.631598711013794, subproblem_count = 931)
(solver = "HiGHS", alg = "TambyVanderpooten", p = 2, n = 200, instance = 7, termination_status = MathOptInterface.OPTIMAL, result_count = 518, solve_time = 564.0020081996918, solve_time_inner = 563.6895637512207, subproblem_count = 1044)
(solver = "Gurobi", alg = "TambyVanderpooten", p = 2, n = 200, instance = 7, termination_status = MathOptInterface.OPTIMAL, result_count = 518, solve_time = 45.58885097503662, solve_time_inner = 45.19323182106018, subproblem_count = 1048)
(solver = "HiGHS", alg = "Dichotomy", p = 2, n = 200, instance = 7, termination_status = MathOptInterface.OPTIMAL, result_count = 36, solve_time = 6.692201852798462, solve_time_inner = 6.660238027572632, subproblem_count = 69)
(solver = "Gurobi", alg = "Dichotomy", p = 2, n = 200, instance = 7, termination_status = MathOptInterface.OPTIMAL, result_count = 36, solve_time = 0.37345218658447266, solve_time_inner = 0.3380587100982666, subproblem_count = 72)
(solver = "HiGHS", alg = "EpsilonConstraint", p = 2, n = 200, instance = 7, termination_status = MathOptInterface.OPTIMAL, result_count = 518, solve_time = 561.3709568977356, solve_time_inner = 561.0605051517487, subproblem_count = 1039)
(solver = "Gurobi", alg = "EpsilonConstraint", p = 2, n = 200, instance = 7, termination_status = MathOptInterface.OPTIMAL, result_count = 518, solve_time = 42.66166400909424, solve_time_inner = 42.31454038619995, subproblem_count = 1039)
(solver = "HiGHS", alg = "TambyVanderpooten", p = 2, n = 200, instance = 8, termination_status = MathOptInterface.OPTIMAL, result_count = 475, solve_time = 436.20413398742676, solve_time_inner = 435.79942297935486, subproblem_count = 956)
(solver = "Gurobi", alg = "TambyVanderpooten", p = 2, n = 200, instance = 8, termination_status = MathOptInterface.OPTIMAL, result_count = 475, solve_time = 35.652700901031494, solve_time_inner = 35.23336863517761, subproblem_count = 958)
(solver = "HiGHS", alg = "Dichotomy", p = 2, n = 200, instance = 8, termination_status = MathOptInterface.OPTIMAL, result_count = 32, solve_time = 4.448751926422119, solve_time_inner = 4.41410756111145, subproblem_count = 63)
(solver = "Gurobi", alg = "Dichotomy", p = 2, n = 200, instance = 8, termination_status = MathOptInterface.OPTIMAL, result_count = 33, solve_time = 0.32622718811035156, solve_time_inner = 0.286118745803833, subproblem_count = 65)
(solver = "HiGHS", alg = "EpsilonConstraint", p = 2, n = 200, instance = 8, termination_status = MathOptInterface.OPTIMAL, result_count = 475, solve_time = 423.86522603034973, solve_time_inner = 423.5731384754181, subproblem_count = 953)
(solver = "Gurobi", alg = "EpsilonConstraint", p = 2, n = 200, instance = 8, termination_status = MathOptInterface.OPTIMAL, result_count = 475, solve_time = 34.53548002243042, solve_time_inner = 34.219661712646484, subproblem_count = 953)
(solver = "HiGHS", alg = "TambyVanderpooten", p = 2, n = 200, instance = 9, termination_status = MathOptInterface.OPTIMAL, result_count = 462, solve_time = 449.35695815086365, solve_time_inner = 449.05692982673645, subproblem_count = 934)
(solver = "Gurobi", alg = "TambyVanderpooten", p = 2, n = 200, instance = 9, termination_status = MathOptInterface.OPTIMAL, result_count = 462, solve_time = 37.5909309387207, solve_time_inner = 37.17204523086548, subproblem_count = 932)
(solver = "HiGHS", alg = "Dichotomy", p = 2, n = 200, instance = 9, termination_status = MathOptInterface.OPTIMAL, result_count = 39, solve_time = 6.9574360847473145, solve_time_inner = 6.916377067565918, subproblem_count = 74)
(solver = "Gurobi", alg = "Dichotomy", p = 2, n = 200, instance = 9, termination_status = MathOptInterface.OPTIMAL, result_count = 38, solve_time = 0.4207029342651367, solve_time_inner = 0.37457799911499023, subproblem_count = 75)
(solver = "HiGHS", alg = "EpsilonConstraint", p = 2, n = 200, instance = 9, termination_status = MathOptInterface.OPTIMAL, result_count = 462, solve_time = 431.9298059940338, solve_time_inner = 431.6486756801605, subproblem_count = 927)
(solver = "Gurobi", alg = "EpsilonConstraint", p = 2, n = 200, instance = 9, termination_status = MathOptInterface.OPTIMAL, result_count = 462, solve_time = 35.850919008255005, solve_time_inner = 35.542898178100586, subproblem_count = 927)
(solver = "HiGHS", alg = "TambyVanderpooten", p = 2, n = 200, instance = 10, termination_status = MathOptInterface.OPTIMAL, result_count = 429, solve_time = 426.5373601913452, solve_time_inner = 426.26202273368835, subproblem_count = 864)
(solver = "Gurobi", alg = "TambyVanderpooten", p = 2, n = 200, instance = 10, termination_status = MathOptInterface.OPTIMAL, result_count = 429, solve_time = 34.705591917037964, solve_time_inner = 34.220301389694214, subproblem_count = 864)
(solver = "HiGHS", alg = "Dichotomy", p = 2, n = 200, instance = 10, termination_status = MathOptInterface.OPTIMAL, result_count = 41, solve_time = 6.386368036270142, solve_time_inner = 6.258953809738159, subproblem_count = 79)
(solver = "Gurobi", alg = "Dichotomy", p = 2, n = 200, instance = 10, termination_status = MathOptInterface.OPTIMAL, result_count = 39, solve_time = 0.3685288429260254, solve_time_inner = 0.32085371017456055, subproblem_count = 77)
(solver = "HiGHS", alg = "EpsilonConstraint", p = 2, n = 200, instance = 10, termination_status = MathOptInterface.OPTIMAL, result_count = 429, solve_time = 405.61715507507324, solve_time_inner = 405.3582682609558, subproblem_count = 861)
(solver = "Gurobi", alg = "EpsilonConstraint", p = 2, n = 200, instance = 10, termination_status = MathOptInterface.OPTIMAL, result_count = 429, solve_time = 32.1867299079895, solve_time_inner = 31.90466809272766, subproblem_count = 861)
(solver = "Gurobi", alg = "TambyVanderpooten", p = 3, n = 100, instance = 1, termination_status = MathOptInterface.OPTIMAL, result_count = 5421, solve_time = 1067.0044050216675, solve_time_inner = 1028.62029337883, subproblem_count = 19442)
(solver = "Gurobi", alg = "TambyVanderpooten", p = 3, n = 100, instance = 2, termination_status = MathOptInterface.OPTIMAL, result_count = 4073, solve_time = 704.7210280895233, solve_time_inner = 683.5265402793884, subproblem_count = 14618)
(solver = "Gurobi", alg = "TambyVanderpooten", p = 3, n = 100, instance = 3, termination_status = MathOptInterface.OPTIMAL, result_count = 4304, solve_time = 716.1249721050262, solve_time_inner = 692.7898466587067, subproblem_count = 15438)
(solver = "Gurobi", alg = "TambyVanderpooten", p = 3, n = 100, instance = 4, termination_status = MathOptInterface.OPTIMAL, result_count = 3422, solve_time = 524.856379032135, solve_time_inner = 508.7986807823181, subproblem_count = 12540)
(solver = "Gurobi", alg = "TambyVanderpooten", p = 3, n = 100, instance = 5, termination_status = MathOptInterface.OPTIMAL, result_count = 1891, solve_time = 242.9242389202118, solve_time_inner = 236.61715030670166, subproblem_count = 6906)
(solver = "Gurobi", alg = "TambyVanderpooten", p = 3, n = 100, instance = 6, termination_status = MathOptInterface.OPTIMAL, result_count = 3554, solve_time = 577.0537641048431, solve_time_inner = 561.4114243984222, subproblem_count = 12874)
(solver = "Gurobi", alg = "TambyVanderpooten", p = 3, n = 100, instance = 7, termination_status = MathOptInterface.OPTIMAL, result_count = 4900, solve_time = 853.6119639873505, solve_time_inner = 821.4228689670563, subproblem_count = 17556)
(solver = "Gurobi", alg = "TambyVanderpooten", p = 3, n = 100, instance = 8, termination_status = MathOptInterface.OPTIMAL, result_count = 5529, solve_time = 917.5296881198883, solve_time_inner = 875.8837420940399, subproblem_count = 19536)
(solver = "Gurobi", alg = "TambyVanderpooten", p = 3, n = 100, instance = 9, termination_status = MathOptInterface.OPTIMAL, result_count = 3645, solve_time = 497.7583591938019, solve_time_inner = 481.4745457172394, subproblem_count = 13288)
(solver = "Gurobi", alg = "TambyVanderpooten", p = 3, n = 100, instance = 10, termination_status = MathOptInterface.OPTIMAL, result_count = 4161, solve_time = 623.6996531486511, solve_time_inner = 602.6005063056946, subproblem_count = 15046)
(solver = "Gurobi", alg = "TambyVanderpooten", p = 4, n = 50, instance = 1, termination_status = MathOptInterface.OPTIMAL, result_count = 1409, solve_time = 321.32815504074097, solve_time_inner = 242.02579712867737, subproblem_count = 13378)
(solver = "Gurobi", alg = "TambyVanderpooten", p = 4, n = 50, instance = 2, termination_status = MathOptInterface.OPTIMAL, result_count = 1892, solve_time = 577.4459369182587, solve_time_inner = 397.25908398628235, subproblem_count = 16960)
(solver = "Gurobi", alg = "TambyVanderpooten", p = 4, n = 50, instance = 3, termination_status = MathOptInterface.OPTIMAL, result_count = 1579, solve_time = 350.33669686317444, solve_time_inner = 258.0410351753235, subproblem_count = 13464)
(solver = "Gurobi", alg = "TambyVanderpooten", p = 4, n = 50, instance = 4, termination_status = MathOptInterface.OPTIMAL, result_count = 1565, solve_time = 487.71918392181396, solve_time_inner = 388.3663604259491, subproblem_count = 14480)
(solver = "Gurobi", alg = "TambyVanderpooten", p = 4, n = 50, instance = 5, termination_status = MathOptInterface.OPTIMAL, result_count = 2347, solve_time = 947.6427581310272, solve_time_inner = 633.9736180305481, subproblem_count = 21044)
(solver = "Gurobi", alg = "TambyVanderpooten", p = 4, n = 50, instance = 6, termination_status = MathOptInterface.OPTIMAL, result_count = 1234, solve_time = 297.28953099250793, solve_time_inner = 248.9057068824768, subproblem_count = 10840)
(solver = "Gurobi", alg = "TambyVanderpooten", p = 4, n = 50, instance = 7, termination_status = MathOptInterface.OPTIMAL, result_count = 1760, solve_time = 569.7614209651947, solve_time_inner = 429.87168979644775, subproblem_count = 15838)
(solver = "Gurobi", alg = "TambyVanderpooten", p = 4, n = 50, instance = 8, termination_status = MathOptInterface.OPTIMAL, result_count = 3496, solve_time = 2041.2584509849548, solve_time_inner = 1113.7924129962921, subproblem_count = 31854)
(solver = "Gurobi", alg = "TambyVanderpooten", p = 4, n = 50, instance = 9, termination_status = MathOptInterface.OPTIMAL, result_count = 2717, solve_time = 1354.5465199947357, solve_time_inner = 792.1069486141205, subproblem_count = 26890)
(solver = "Gurobi", alg = "TambyVanderpooten", p = 4, n = 50, instance = 10, termination_status = MathOptInterface.OPTIMAL, result_count = 4402, solve_time = 3472.2469830513, solve_time_inner = 1501.290066242218, subproblem_count = 40954)
